<?xml version="1.0" encoding="utf-8" standalone="no"?>
<test-results xmlns:xsi="http://www.w3.org/2001/XMLSchema-instance" xsi:noNamespaceSchemaLocation="nunit_schema_2.5.xsd" name="Pester" total="1" errors="0" failures="0" not-run="0" inconclusive="0" ignored="0" skipped="0" invalid="0" date="2023-09-29" time="18:32:44">
  <environment user="guirava" clr-version="Unknown" machine-name="Gubrik.local" cwd="/Users/guirava/sdk/Toolkit" nunit-version="2.5.8.0" platform="Darwin" os-version="22.6.0" user-domain="" />
  <culture-info current-culture="en-US" current-uiculture="en-US" />
  <test-suite type="TestFixture" name="Pester" executed="True" result="Success" success="True" time="2.7021" asserts="0" description="Pester">
    <results>
      <test-suite type="TestFixture" name="/Users/guirava/src/sdmain/polaris/src/rubrik/clients/sdks/rubrik-powershell-sdk/rubrik-powershell-sdk/Toolkit/Tests/unit/ToolkitIntegrity.Tests.ps1" executed="True" result="Success" success="True" time="2.7021" asserts="0" description="/Users/guirava/src/sdmain/polaris/src/rubrik/clients/sdks/rubrik-powershell-sdk/rubrik-powershell-sdk/Toolkit/Tests/unit/ToolkitIntegrity.Tests.ps1">
        <results>
          <test-suite type="TestFixture" name="Toolkit" executed="True" result="Success" success="True" time="1.4243" asserts="0" description="Toolkit">
            <results>
              <test-case description="Toolkit" name="Toolkit.Toolkit" time="1.3909" asserts="0" success="True" result="Success" executed="True" />
            </results>
          </test-suite>
        </results>
      </test-suite>
    </results>
  </test-suite>
</test-results>