<?xml version="1.0" encoding="utf-8" standalone="no"?>
<test-results xmlns:xsi="http://www.w3.org/2001/XMLSchema-instance" xsi:noNamespaceSchemaLocation="nunit_schema_2.5.xsd" name="Pester" total="5" errors="0" failures="0" not-run="0" inconclusive="0" ignored="0" skipped="4" invalid="0" date="2024-02-29" time="03:51:46">
  <environment platform="Microsoft Windows Server 2019 Standard|C:\Windows|\Device\Harddisk0\Partition2" os-version="10.0.17763" machine-name="GUI-RAVA-W01" user="Administrator" cwd="C:\Users\Administrator\Desktop\src\rubrik-powershell-sdk\Output\net6.0" user-domain="GUI-RAVA-W01" nunit-version="2.5.8.0" clr-version="7.0.15" />
  <culture-info current-culture="en-US" current-uiculture="en-US" />
  <test-suite type="TestFixture" name="Pester" executed="True" result="Ignored" success="True" time="1.6751" asserts="0" description="Pester">
    <results>
      <test-suite type="TestFixture" name="C:\Users\Administrator\Desktop\src\rubrik-powershell-sdk\Toolkit\Tests\e2e\Get-RscAccount.Tests.ps1" executed="True" result="Success" success="True" time="0.7354" asserts="0" description="C:\Users\Administrator\Desktop\src\rubrik-powershell-sdk\Toolkit\Tests\e2e\Get-RscAccount.Tests.ps1">
        <results>
          <test-suite type="TestFixture" name="Get-RscAccount" executed="True" result="Success" success="True" time="0.2674" asserts="0" description="Get-RscAccount">
            <results>
              <test-case description="Get-RscAccount" name="Get-RscAccount.Get-RscAccount" time="0.2637" asserts="0" success="True" result="Success" executed="True" />
            </results>
          </test-suite>
        </results>
      </test-suite>
      <test-suite type="TestFixture" name="C:\Users\Administrator\Desktop\src\rubrik-powershell-sdk\Toolkit\Tests\e2e\Get-RscSlaDomain.Tests.ps1" executed="True" result="Ignored" success="True" time="0.4742" asserts="0" description="C:\Users\Administrator\Desktop\src\rubrik-powershell-sdk\Toolkit\Tests\e2e\Get-RscSlaDomain.Tests.ps1">
        <results>
          <test-suite type="TestFixture" name="Get-RscSla" executed="True" result="Ignored" success="True" time="0.0181" asserts="0" description="Get-RscSla">
            <results>
              <test-suite type="TestFixture" name="Get-RscSla.Id" executed="True" result="Ignored" success="True" time="0.0041" asserts="0" description="Get-RscSla.Id">
                <results>
                  <test-case description="retrieves single SLA Domain" name="Get-RscSla.Id.retrieves single SLA Domain" time="0.0009" asserts="0" success="False" result="Ignored" executed="False" />
                </results>
              </test-suite>
              <test-suite type="TestFixture" name="Get-RscSla.Name" executed="True" result="Ignored" success="True" time="0.0146" asserts="0" description="Get-RscSla.Name">
                <results>
                  <test-case description="retrieves multiple SLA Domains" name="Get-RscSla.Name.retrieves multiple SLA Domains" time="0.0008" asserts="0" success="False" result="Ignored" executed="False" />
                </results>
              </test-suite>
            </results>
          </test-suite>
        </results>
      </test-suite>
      <test-suite type="TestFixture" name="C:\Users\Administrator\Desktop\src\rubrik-powershell-sdk\Toolkit\Tests\e2e\Get-RscVmwareVm.Tests.ps1" executed="True" result="Ignored" success="True" time="0.4631" asserts="0" description="C:\Users\Administrator\Desktop\src\rubrik-powershell-sdk\Toolkit\Tests\e2e\Get-RscVmwareVm.Tests.ps1">
        <results>
          <test-suite type="TestFixture" name="Get-RscVmwareVm" executed="True" result="Ignored" success="True" time="0.0189" asserts="0" description="Get-RscVmwareVm">
            <results>
              <test-suite type="TestFixture" name="Get-RscVmwareVm.Id" executed="True" result="Ignored" success="True" time="0.004" asserts="0" description="Get-RscVmwareVm.Id">
                <results>
                  <test-case description="retrieves single VM" name="Get-RscVmwareVm.Id.retrieves single VM" time="0.0008" asserts="0" success="False" result="Ignored" executed="False" />
                </results>
              </test-suite>
              <test-suite type="TestFixture" name="Get-RscVmwareVm.Name" executed="True" result="Ignored" success="True" time="0.0076" asserts="0" description="Get-RscVmwareVm.Name">
                <results>
                  <test-case description="retrieves multiple VMs" name="Get-RscVmwareVm.Name.retrieves multiple VMs" time="0.0008" asserts="0" success="False" result="Ignored" executed="False" />
                </results>
              </test-suite>
            </results>
          </test-suite>
        </results>
      </test-suite>
    </results>
  </test-suite>
</test-results>